<?xml version="1.0" encoding="UTF-8"?>
<!-- Generated by org.testng.reporters.JUnitReportReporter -->
<testsuite skipped="0" hostname="Chan" name="authentication.Chaining" tests="1" failures="0" timestamp="13 Jan 2022 07:41:10 GMT" time="2.837" errors="0">
  <testcase name="chaining" time="2.837" classname="authentication.Chaining"/>
</testsuite> <!-- authentication.Chaining -->
