<?xml version="1.0" encoding="UTF-8"?>
<!-- Generated by org.testng.reporters.JUnitReportReporter -->
<testsuite skipped="0" hostname="Chan" name="practiseCRUDwithBDDimpFW.CreateUserAndGet" tests="1" failures="0" timestamp="15 Jan 2022 11:16:17 GMT" time="4.120" errors="0">
  <testcase name="createProject" time="4.120" classname="practiseCRUDwithBDDimpFW.CreateUserAndGet"/>
</testsuite> <!-- practiseCRUDwithBDDimpFW.CreateUserAndGet -->
