<?xml version="1.0" encoding="UTF-8"?>
<!-- Generated by org.testng.reporters.JUnitReportReporter -->
<testsuite skipped="0" hostname="Chan" name="practiseCRUDwithBDDimpFW.CreateUserAndDelete" tests="1" failures="0" timestamp="15 Jan 2022 11:38:57 GMT" time="2.264" errors="0">
  <testcase name="createProject" time="2.264" classname="practiseCRUDwithBDDimpFW.CreateUserAndDelete"/>
</testsuite> <!-- practiseCRUDwithBDDimpFW.CreateUserAndDelete -->
