<?xml version="1.0" encoding="UTF-8"?>
<!-- Generated by org.testng.reporters.JUnitReportReporter -->
<testsuite skipped="0" hostname="Chan" name="practiseCRUDwithBDDimpFW.FetchandDeleteAProject" tests="1" failures="0" timestamp="16 Jan 2022 14:24:56 GMT" time="1.801" errors="0">
  <testcase name="getandDelete" time="1.801" classname="practiseCRUDwithBDDimpFW.FetchandDeleteAProject"/>
</testsuite> <!-- practiseCRUDwithBDDimpFW.FetchandDeleteAProject -->
