<?xml version="1.0" encoding="UTF-8"?>
<!-- Generated by org.testng.reporters.JUnitReportReporter -->
<testsuite skipped="0" hostname="Chan" name="chaining.ChainingPostAndDelete" tests="1" failures="0" timestamp="15 Jan 2022 10:06:17 GMT" time="5.557" errors="0">
  <testcase name="postAndDelete" time="5.557" classname="chaining.ChainingPostAndDelete"/>
</testsuite> <!-- chaining.ChainingPostAndDelete -->
