<?xml version="1.0" encoding="UTF-8"?>
<!-- Generated by org.testng.reporters.JUnitReportReporter -->
<testsuite skipped="0" hostname="Chan" name="practiseCRUDwithBDDimpFW.AddSingleProjectwithCreatedStatus" tests="1" failures="0" timestamp="17 Jan 2022 06:15:35 GMT" time="3.092" errors="0">
  <testcase name="addSingleProject" time="3.092" classname="practiseCRUDwithBDDimpFW.AddSingleProjectwithCreatedStatus"/>
</testsuite> <!-- practiseCRUDwithBDDimpFW.AddSingleProjectwithCreatedStatus -->
