<?xml version="1.0" encoding="UTF-8"?>
<!-- Generated by org.testng.reporters.JUnitReportReporter -->
<testsuite skipped="0" hostname="Chan" name="chaining.ChainingPostAndDelete" tests="1" failures="0" timestamp="13 Jan 2022 08:53:24 GMT" time="3.047" errors="0">
  <testcase name="postAndDelete" time="3.047" classname="chaining.ChainingPostAndDelete"/>
</testsuite> <!-- chaining.ChainingPostAndDelete -->
