<?xml version="1.0" encoding="UTF-8"?>
<!-- Generated by org.testng.reporters.JUnitReportReporter -->
<testsuite skipped="0" hostname="Chan" name="parametersAndAuthentication.PathParameter" tests="1" failures="0" timestamp="12 Jan 2022 12:02:45 GMT" time="7.884" errors="0">
  <testcase name="pathParameter" time="7.884" classname="parametersAndAuthentication.PathParameter"/>
</testsuite> <!-- parametersAndAuthentication.PathParameter -->
