<?xml version="1.0" encoding="UTF-8"?>
<!-- Generated by org.testng.reporters.JUnitReportReporter -->
<testsuite skipped="0" hostname="Chan" name="parametersAndAuthentication.QueryParameter" tests="1" failures="0" timestamp="12 Jan 2022 12:07:06 GMT" time="15.352" errors="0">
  <testcase name="queryParam" time="15.352" classname="parametersAndAuthentication.QueryParameter"/>
</testsuite> <!-- parametersAndAuthentication.QueryParameter -->
