<?xml version="1.0" encoding="UTF-8"?>
<!-- Generated by org.testng.reporters.JUnitReportReporter -->
<testsuite skipped="0" hostname="Chan" name="responseValidation.CreateResourceUsingDataProvider" tests="2" failures="0" timestamp="12 Jan 2022 11:38:48 GMT" time="5.721" errors="0">
  <testcase name="createResource" time="5.492" classname="responseValidation.CreateResourceUsingDataProvider"/>
  <testcase name="createResource" time="0.229" classname="responseValidation.CreateResourceUsingDataProvider"/>
</testsuite> <!-- responseValidation.CreateResourceUsingDataProvider -->
