<?xml version="1.0" encoding="UTF-8"?>
<!-- Generated by org.testng.reporters.JUnitReportReporter -->
<testsuite skipped="0" hostname="Chan" name="practiseCRUDwithBDD.GetAllProjectwithDBDD" tests="1" failures="0" timestamp="12 Jan 2022 06:04:51 GMT" time="9.026" errors="0">
  <testcase name="getAllProjects" time="9.026" classname="practiseCRUDwithBDD.GetAllProjectwithDBDD"/>
</testsuite> <!-- practiseCRUDwithBDD.GetAllProjectwithDBDD -->
