<?xml version="1.0" encoding="UTF-8"?>
<!-- Generated by org.testng.reporters.JUnitReportReporter -->
<testsuite skipped="0" hostname="Chan" name="parametersAndAuthentication.QueryParameter2" tests="1" failures="0" timestamp="12 Jan 2022 12:10:40 GMT" time="10.201" errors="0">
  <testcase name="queryParam" time="10.201" classname="parametersAndAuthentication.QueryParameter2"/>
</testsuite> <!-- parametersAndAuthentication.QueryParameter2 -->
