<?xml version="1.0" encoding="UTF-8"?>
<!-- Generated by org.testng.reporters.JUnitReportReporter -->
<testsuite skipped="0" hostname="Chan" name="practiseCRUDwithBDDimpFW.CreateUser" tests="1" failures="0" timestamp="16 Jan 2022 12:00:25 GMT" time="1.620" errors="0">
  <testcase name="createUser" time="1.620" classname="practiseCRUDwithBDDimpFW.CreateUser"/>
</testsuite> <!-- practiseCRUDwithBDDimpFW.CreateUser -->
