<?xml version="1.0" encoding="UTF-8"?>
<!-- Generated by org.testng.reporters.JUnitReportReporter -->
<testsuite skipped="0" hostname="Chan" name="practiseCRUDwithBDDimpFW.CreateProjectAndAllocateUser" tests="1" failures="0" timestamp="16 Jan 2022 14:16:54 GMT" time="2.217" errors="0">
  <testcase name="createAndAllocateUser" time="2.217" classname="practiseCRUDwithBDDimpFW.CreateProjectAndAllocateUser"/>
</testsuite> <!-- practiseCRUDwithBDDimpFW.CreateProjectAndAllocateUser -->
