<?xml version="1.0" encoding="UTF-8"?>
<!-- Generated by org.testng.reporters.JUnitReportReporter -->
<testsuite skipped="0" hostname="Chan" name="authentication.OAuthAuthentication" tests="1" failures="0" timestamp="13 Jan 2022 07:31:59 GMT" time="4.867" errors="0">
  <testcase name="oauthAuthentication" time="4.867" classname="authentication.OAuthAuthentication"/>
</testsuite> <!-- authentication.OAuthAuthentication -->
