<?xml version="1.0" encoding="UTF-8"?>
<!-- Generated by org.testng.reporters.JUnitReportReporter -->
<testsuite skipped="0" hostname="Chan" name="parametersAndAuthentication.BasicAuth" tests="1" failures="0" timestamp="13 Jan 2022 08:57:14 GMT" time="2.284" errors="0">
  <testcase name="basicAuth" time="2.284" classname="parametersAndAuthentication.BasicAuth"/>
</testsuite> <!-- parametersAndAuthentication.BasicAuth -->
