<?xml version="1.0" encoding="UTF-8"?>
<!-- Generated by org.testng.reporters.JUnitReportReporter -->
<testsuite skipped="0" hostname="Chan" name="responseValidation.DynamicResponseValidation" tests="1" failures="0" timestamp="17 Jan 2022 10:44:52 GMT" time="3.169" errors="0">
  <testcase name="dynamicValidation" time="3.169" classname="responseValidation.DynamicResponseValidation"/>
</testsuite> <!-- responseValidation.DynamicResponseValidation -->
