<?xml version="1.0" encoding="UTF-8"?>
<!-- Generated by org.testng.reporters.JUnitReportReporter -->
<testsuite skipped="0" hostname="Chan" name="authentication.BearerToken" tests="1" failures="0" timestamp="13 Jan 2022 06:20:47 GMT" time="9.926" errors="0">
  <testcase name="token" time="9.926" classname="authentication.BearerToken"/>
</testsuite> <!-- authentication.BearerToken -->
